<?xml version="1.0" encoding="UTF-8"?>
<!-- Generated by org.testng.reporters.JUnitXMLReporter -->
<testsuite hostname="ATMECSINLT-085" ignored="0" name="Regression1" tests="2" failures="1" timestamp="26 Sep 2019 14:16:49 GMT" time="54.649" errors="0">
  <testcase name="footerValidate" time="34.36" classname="org.atmecs.website.testscripts.Home"/>
  <testcase name="validateBlogs" time="11.893" classname="org.atmecs.website.testscripts.Insights">
    <failure type="java.lang.NullPointerException">
      <![CDATA[java.lang.NullPointerException
at org.atmecs.website.helper.ActionHelper.sendKeys(ActionHelper.java:78)
at org.atmecs.website.pages.InsightsPage.validateBlogs(InsightsPage.java:18)
at org.atmecs.website.testscripts.Insights.validateBlogs(Insights.java:16)
... Removed 25 stack frames]]>
    </failure>
  </testcase> <!-- validateBlogs -->
</testsuite> <!-- Regression1 -->
